<?xml version="1.0" encoding="utf-8"?><testsuites name="pytest tests"><testsuite name="pytest" errors="0" failures="0" skipped="0" tests="23" time="1.916" timestamp="2026-06-04T13:45:56.290542+00:00" hostname="agent-env-0f2feddc-dd4a-4180-9e1f-990f8d8cb613"><testcase classname="backend.tests.backend_test.TestProducts" name="test_root" time="0.346" /><testcase classname="backend.tests.backend_test.TestProducts" name="test_list_products_returns_6" time="0.118" /><testcase classname="backend.tests.backend_test.TestProducts" name="test_get_vajra_product" time="0.045" /><testcase classname="backend.tests.backend_test.TestProducts" name="test_get_unknown_product_404" time="0.080" /><testcase classname="backend.tests.backend_test.TestReviews" name="test_list_reviews_for_vajra" time="0.090" /><testcase classname="backend.tests.backend_test.TestReviews" name="test_create_review_and_verify" time="0.137" /><testcase classname="backend.tests.backend_test.TestCoupons" name="test_welcome10" time="0.051" /><testcase classname="backend.tests.backend_test.TestCoupons" name="test_vajra20_min_subtotal_fails" time="0.042" /><testcase classname="backend.tests.backend_test.TestCoupons" name="test_vajra20_passes" time="0.057" /><testcase classname="backend.tests.backend_test.TestCoupons" name="test_flat200" time="0.049" /><testcase classname="backend.tests.backend_test.TestCoupons" name="test_invalid_code" time="0.045" /><testcase classname="backend.tests.backend_test.TestCoupons" name="test_case_insensitive" time="0.056" /><testcase classname="backend.tests.backend_test.TestOrders" name="test_order_created" time="0.113" /><testcase classname="backend.tests.backend_test.TestOrders" name="test_order_cod" time="0.098" /><testcase classname="backend.tests.backend_test.TestOrders" name="test_track_order_correct_mobile" time="0.047" /><testcase classname="backend.tests.backend_test.TestOrders" name="test_track_order_wrong_mobile" time="0.051" /><testcase classname="backend.tests.backend_test.TestOrders" name="test_track_unknown_order" time="0.073" /><testcase classname="backend.tests.backend_test.TestForms" name="test_newsletter" time="0.077" /><testcase classname="backend.tests.backend_test.TestForms" name="test_contact" time="0.056" /><testcase classname="backend.tests.backend_test.TestBlogs" name="test_list_blogs" time="0.046" /><testcase classname="backend.tests.backend_test.TestBlogs" name="test_blog_category_filter" time="0.048" /><testcase classname="backend.tests.backend_test.TestBlogs" name="test_blog_detail" time="0.054" /><testcase classname="backend.tests.backend_test.TestBlogs" name="test_blog_unknown_404" time="0.050" /></testsuite></testsuites>