<?xml version="1.0" encoding="utf-8"?><testsuites name="pytest tests"><testsuite name="pytest" errors="0" failures="0" skipped="0" tests="22" time="4.797" timestamp="2026-06-04T16:31:51.311996+00:00" hostname="agent-env-0f2feddc-dd4a-4180-9e1f-990f8d8cb613"><testcase classname="backend.tests.test_auth_admin.TestAuth" name="test_admin_login_sets_cookies" time="0.606" /><testcase classname="backend.tests.test_auth_admin.TestAuth" name="test_invalid_login_401" time="0.145" /><testcase classname="backend.tests.test_auth_admin.TestAuth" name="test_register_duplicate_email_400" time="0.413" /><testcase classname="backend.tests.test_auth_admin.TestAuth" name="test_customer_me_role" time="0.081" /><testcase classname="backend.tests.test_auth_admin.TestAuth" name="test_logout_clears_cookies" time="0.564" /><testcase classname="backend.tests.test_auth_admin.TestAuth" name="test_brute_force_lockout" time="0.416" /><testcase classname="backend.tests.test_auth_admin.TestAuth" name="test_protected_endpoint_requires_auth" time="0.204" /><testcase classname="backend.tests.test_auth_admin.TestAuth" name="test_admin_endpoint_blocks_customer" time="0.042" /><testcase classname="backend.tests.test_auth_admin.TestAdminDashboard" name="test_dashboard_stats" time="0.067" /><testcase classname="backend.tests.test_auth_admin.TestAdminDashboard" name="test_admin_customers" time="0.038" /><testcase classname="backend.tests.test_auth_admin.TestAdminDashboard" name="test_admin_contacts_and_newsletter" time="0.150" /><testcase classname="backend.tests.test_auth_admin.TestAdminProducts" name="test_create" time="0.123" /><testcase classname="backend.tests.test_auth_admin.TestAdminProducts" name="test_update" time="0.148" /><testcase classname="backend.tests.test_auth_admin.TestAdminProducts" name="test_delete" time="0.149" /><testcase classname="backend.tests.test_auth_admin.TestAdminCoupons" name="test_create_use_delete" time="0.310" /><testcase classname="backend.tests.test_auth_admin.TestAdminBlogs" name="test_create_blog" time="0.159" /><testcase classname="backend.tests.test_auth_admin.TestAdminBlogs" name="test_delete_blog" time="0.180" /><testcase classname="backend.tests.test_auth_admin.TestWishlist" name="test_add_remove" time="0.215" /><testcase classname="backend.tests.test_auth_admin.TestWishlist" name="test_add_unknown_product_404" time="0.074" /><testcase classname="backend.tests.test_auth_admin.TestCustomerOrders" name="test_authenticated_order_linked_to_user" time="0.236" /><testcase classname="backend.tests.test_auth_admin.TestCustomerOrders" name="test_admin_can_update_order_status" time="0.308" /><testcase classname="backend.tests.test_auth_admin.TestReseedProtection" name="test_reseed_requires_admin" time="0.103" /></testsuite></testsuites>